error: use of deprecated constant `WhereSection::_w`:
               It is deprecated to use a `where` clause in `construct_runtime`.
               Please instead use `frame_system::Config` to set the `Block` type and delete this clause.
               It is planned to be removed in December 2023.

               For more info see:
                   <https://github.com/paritytech/substrate/pull/14437>
  --> tests/construct_runtime_ui/deprecated_where_block.rs:20:1
   |
20 | / construct_runtime! {
21 | |     pub struct Runtime where
22 | |         Block = Block,
23 | |         NodeBlock = Block,
...  |
28 | | }
   | |_^
   |
   = note: `-D deprecated` implied by `-D warnings`
   = help: to override `-D warnings` add `#[allow(deprecated)]`
   = note: this error originates in the macro `frame_support::match_and_insert` which comes from the expansion of the macro `construct_runtime` (in Nightly builds, run with -Z macro-backtrace for more info)

error[E0277]: the trait bound `Runtime: Config` is not satisfied
  --> tests/construct_runtime_ui/deprecated_where_block.rs:20:1
   |
20 | / construct_runtime! {
21 | |     pub struct Runtime where
22 | |         Block = Block,
23 | |         NodeBlock = Block,
...  |
28 | | }
   | |_^ unsatisfied trait bound
   |
help: the trait `Config` is not implemented for `Runtime`
  --> tests/construct_runtime_ui/deprecated_where_block.rs:20:1
   |
20 | / construct_runtime! {
21 | |     pub struct Runtime where
   | |______________________^
   = note: this error originates in the macro `frame_support::construct_runtime` which comes from the expansion of the macro `construct_runtime` (in Nightly builds, run with -Z macro-backtrace for more info)

error[E0277]: the trait bound `Runtime: Config` is not satisfied
 --> tests/construct_runtime_ui/deprecated_where_block.rs:20:1
  |
 20 | / construct_runtime! {
 21 | |     pub struct Runtime where
 22 | |         Block = Block,
 23 | |         NodeBlock = Block,
...   |
 28 | | }
    | |_^ unsatisfied trait bound
    |
help: the trait `Config` is not implemented for `Runtime`
   --> tests/construct_runtime_ui/deprecated_where_block.rs:20:1
    |
 20 | / construct_runtime! {
 21 | |     pub struct Runtime where
    | |______________________^
note: required by a bound in `frame_system::Event`
   --> $WORKSPACE/substrate/frame/system/src/lib.rs
    |
    |     pub enum Event<T: Config> {
    |                       ^^^^^^ required by this bound in `Event`
    = note: this error originates in the macro `frame_support::construct_runtime` which comes from the expansion of the macro `construct_runtime` (in Nightly builds, run with -Z macro-backtrace for more info)

error[E0277]: the trait bound `Runtime: Config` is not satisfied
  --> tests/construct_runtime_ui/deprecated_where_block.rs:20:1
   |
20 | construct_runtime! {
   | ^ unsatisfied trait bound
   |
help: the trait `Config` is not implemented for `Runtime`
  --> tests/construct_runtime_ui/deprecated_where_block.rs:20:1
   |
20 | / construct_runtime! {
21 | |     pub struct Runtime where
   | |______________________^
   = note: this error originates in the macro `frame_support::construct_runtime` which comes from the expansion of the macro `construct_runtime` (in Nightly builds, run with -Z macro-backtrace for more info)

error[E0277]: the trait bound `RawOrigin<_>: TryFrom<OriginCaller>` is not satisfied
  --> tests/construct_runtime_ui/deprecated_where_block.rs:20:1
   |
20 | / construct_runtime! {
21 | |     pub struct Runtime where
22 | |         Block = Block,
23 | |         NodeBlock = Block,
...  |
28 | | }
   | |_^ the trait `TryFrom<OriginCaller>` is not implemented for `RawOrigin<_>`
   |
help: the trait `TryFrom<OriginCaller>` is implemented for `RawOrigin<<Runtime as Config>::AccountId>`
  --> tests/construct_runtime_ui/deprecated_where_block.rs:20:1
   |
20 | / construct_runtime! {
21 | |     pub struct Runtime where
22 | |         Block = Block,
23 | |         NodeBlock = Block,
...  |
28 | | }
   | |_^
   = note: this error originates in the macro `frame_support::construct_runtime` (in Nightly builds, run with -Z macro-backtrace for more info)

error[E0277]: the trait bound `Runtime: Config` is not satisfied
 --> tests/construct_runtime_ui/deprecated_where_block.rs:20:1
  |
 20 | / construct_runtime! {
 21 | |     pub struct Runtime where
 22 | |         Block = Block,
 23 | |         NodeBlock = Block,
...   |
 28 | | }
    | |_^ unsatisfied trait bound
    |
help: the trait `Config` is not implemented for `Runtime`
   --> tests/construct_runtime_ui/deprecated_where_block.rs:20:1
    |
 20 | / construct_runtime! {
 21 | |     pub struct Runtime where
    | |______________________^
help: the trait `Callable<T>` is implemented for `Pallet<T>`
   --> $WORKSPACE/substrate/frame/system/src/lib.rs
    |
    |     #[pallet::call(weight = <T as Config>::SystemWeightInfo)]
    |               ^^^^
    = note: required for `Pallet<Runtime>` to implement `Callable<Runtime>`
    = note: this error originates in the macro `frame_support::construct_runtime` which comes from the expansion of the macro `construct_runtime` (in Nightly builds, run with -Z macro-backtrace for more info)

error[E0277]: the trait bound `Runtime: Config` is not satisfied
 --> tests/construct_runtime_ui/deprecated_where_block.rs:26:3
  |
  26 |         System: frame_system::{Pallet, Call, Storage, Config<T>, Event<T>},
     |         ^^^^^^ unsatisfied trait bound
     |
help: the trait `Config` is not implemented for `Runtime`
    --> tests/construct_runtime_ui/deprecated_where_block.rs:20:1
     |
  20 | / construct_runtime! {
  21 | |     pub struct Runtime where
     | |______________________^
note: required by a bound in `GenesisConfig`
    --> $WORKSPACE/substrate/frame/system/src/lib.rs
     |
     |     pub struct GenesisConfig<T: Config> {
     |                                 ^^^^^^ required by this bound in `GenesisConfig`
     = note: this error originates in the macro `frame_support::construct_runtime` which comes from the expansion of the macro `construct_runtime` (in Nightly builds, run with -Z macro-backtrace for more info)

error[E0277]: the trait bound `Runtime: Config` is not satisfied
 --> tests/construct_runtime_ui/deprecated_where_block.rs:20:1
  |
 20 | / construct_runtime! {
 21 | |     pub struct Runtime where
 22 | |         Block = Block,
 23 | |         NodeBlock = Block,
...   |
 28 | | }
    | |_^ unsatisfied trait bound
    |
help: the trait `Config` is not implemented for `Runtime`
   --> tests/construct_runtime_ui/deprecated_where_block.rs:20:1
    |
 20 | / construct_runtime! {
 21 | |     pub struct Runtime where
    | |______________________^
note: required by a bound in `frame_system::Event`
   --> $WORKSPACE/substrate/frame/system/src/lib.rs
    |
    |     pub enum Event<T: Config> {
    |                       ^^^^^^ required by this bound in `Event`
    = note: this error originates in the derive macro `Clone` which comes from the expansion of the macro `construct_runtime` (in Nightly builds, run with -Z macro-backtrace for more info)

error[E0369]: binary operation `==` cannot be applied to type `&frame_system::Event<Runtime>`
 --> tests/construct_runtime_ui/deprecated_where_block.rs:20:1
  |
 20 | / construct_runtime! {
 21 | |     pub struct Runtime where
 22 | |         Block = Block,
 23 | |         NodeBlock = Block,
...   |
 28 | | }
    | |_^
    |
note: an implementation of `Config` might be missing for `Runtime`
   --> tests/construct_runtime_ui/deprecated_where_block.rs:20:1
    |
 20 | / construct_runtime! {
 21 | |     pub struct Runtime where
    | |______________________^ must implement `Config`
note: the trait `Config` must be implemented
   --> $WORKSPACE/substrate/frame/system/src/lib.rs
    |
    |     pub trait Config: 'static + Eq + Clone {
    |     ^^^^^^^^^^^^^^^^^^^^^^^^^^^^^^^^^^^^^^
    = note: this error originates in the derive macro `PartialEq` which comes from the expansion of the macro `construct_runtime` (in Nightly builds, run with -Z macro-backtrace for more info)

error[E0277]: the trait bound `Runtime: Config` is not satisfied
 --> tests/construct_runtime_ui/deprecated_where_block.rs:20:1
  |
 20 | / construct_runtime! {
 21 | |     pub struct Runtime where
 22 | |         Block = Block,
 23 | |         NodeBlock = Block,
...   |
 28 | | }
    | |_^ unsatisfied trait bound
    |
help: the trait `Config` is not implemented for `Runtime`
   --> tests/construct_runtime_ui/deprecated_where_block.rs:20:1
    |
 20 | / construct_runtime! {
 21 | |     pub struct Runtime where
    | |______________________^
note: required by a bound in `frame_system::Event`
   --> $WORKSPACE/substrate/frame/system/src/lib.rs
    |
    |     pub enum Event<T: Config> {
    |                       ^^^^^^ required by this bound in `Event`
    = note: this error originates in the derive macro `Eq` which comes from the expansion of the macro `construct_runtime` (in Nightly builds, run with -Z macro-backtrace for more info)

error[E0277]: the trait bound `frame_system::Event<Runtime>: Encode` is not satisfied
 --> tests/construct_runtime_ui/deprecated_where_block.rs:20:1
  |
 20 | / construct_runtime! {
 21 | |     pub struct Runtime where
 22 | |         Block = Block,
 23 | |         NodeBlock = Block,
...   |
 28 | | }
    | |_^ the trait `Encode` is not implemented for `frame_system::Event<Runtime>`
    |
help: the trait `Encode` is implemented for `frame_system::Event<T>`
   --> $WORKSPACE/substrate/frame/system/src/lib.rs
    |
    | #[frame_support::pallet]
    | ^^^^^^^^^^^^^^^^^^^^^^^^
    = note: this error originates in the derive macro `self::sp_api_hidden_includes_construct_runtime::hidden_include::__private::codec::Encode` which comes from the expansion of the derive macro `frame_support::__private::codec::Encode` (in Nightly builds, run with -Z macro-backtrace for more info)

error[E0277]: the trait bound `Runtime: Config` is not satisfied
 --> tests/construct_runtime_ui/deprecated_where_block.rs:20:1
  |
 20 | / construct_runtime! {
 21 | |     pub struct Runtime where
 22 | |         Block = Block,
 23 | |         NodeBlock = Block,
...   |
 28 | | }
    | |_^ unsatisfied trait bound
    |
help: the trait `Config` is not implemented for `Runtime`
   --> tests/construct_runtime_ui/deprecated_where_block.rs:20:1
    |
 20 | / construct_runtime! {
 21 | |     pub struct Runtime where
    | |______________________^
note: required by a bound in `frame_system::Event`
   --> $WORKSPACE/substrate/frame/system/src/lib.rs
    |
    |     pub enum Event<T: Config> {
    |                       ^^^^^^ required by this bound in `Event`
    = note: this error originates in the derive macro `self::sp_api_hidden_includes_construct_runtime::hidden_include::__private::codec::Encode` which comes from the expansion of the macro `construct_runtime` (in Nightly builds, run with -Z macro-backtrace for more info)

error[E0277]: the trait bound `frame_system::Event<Runtime>: Decode` is not satisfied
 --> tests/construct_runtime_ui/deprecated_where_block.rs:20:1
  |
 20 | / construct_runtime! {
 21 | |     pub struct Runtime where
 22 | |         Block = Block,
 23 | |         NodeBlock = Block,
...   |
 28 | | }
    | |_^ the trait `Decode` is not implemented for `frame_system::Event<Runtime>`
    |
help: the trait `Decode` is implemented for `frame_system::Event<T>`
   --> $WORKSPACE/substrate/frame/system/src/lib.rs
    |
    | #[frame_support::pallet]
    | ^^^^^^^^^^^^^^^^^^^^^^^^
    = note: this error originates in the derive macro `frame_support::__private::codec::Decode` (in Nightly builds, run with -Z macro-backtrace for more info)

error[E0277]: the trait bound `Runtime: Config` is not satisfied
 --> tests/construct_runtime_ui/deprecated_where_block.rs:26:11
  |
 26 |         System: frame_system::{Pallet, Call, Storage, Config<T>, Event<T>},
    |                 ^^^^^^^^^^^^ unsatisfied trait bound
    |
help: the trait `Config` is not implemented for `Runtime`
   --> tests/construct_runtime_ui/deprecated_where_block.rs:20:1
    |
 20 | / construct_runtime! {
 21 | |     pub struct Runtime where
    | |______________________^
note: required by a bound in `frame_system::Event`
   --> $WORKSPACE/substrate/frame/system/src/lib.rs
    |
    |     pub enum Event<T: Config> {
    |                       ^^^^^^ required by this bound in `Event`
    = note: this error originates in the macro `frame_support::construct_runtime` which comes from the expansion of the macro `construct_runtime` (in Nightly builds, run with -Z macro-backtrace for more info)

error[E0277]: the trait bound `Runtime: Config` is not satisfied
 --> tests/construct_runtime_ui/deprecated_where_block.rs:20:1
  |
 20 | / construct_runtime! {
 21 | |     pub struct Runtime where
 22 | |         Block = Block,
 23 | |         NodeBlock = Block,
...   |
 28 | | }
    | |_^ unsatisfied trait bound
    |
help: the trait `Config` is not implemented for `Runtime`
   --> tests/construct_runtime_ui/deprecated_where_block.rs:20:1
    |
 20 | / construct_runtime! {
 21 | |     pub struct Runtime where
    | |______________________^
help: the trait `std::fmt::Debug` is implemented for `frame_system::Event<T>`
   --> $WORKSPACE/substrate/frame/system/src/lib.rs
    |
    | #[frame_support::pallet]
    | ^^^^^^^^^^^^^^^^^^^^^^^^
    = note: required for `frame_system::Event<Runtime>` to implement `std::fmt::Debug`
    = note: 1 redundant requirement hidden
    = note: required for `&frame_system::Event<Runtime>` to implement `std::fmt::Debug`
    = note: required for the cast from `&&frame_system::Event<Runtime>` to `&dyn std::fmt::Debug`
    = note: this error originates in the derive macro `self::sp_api_hidden_includes_construct_runtime::hidden_include::__private::Debug` which comes from the expansion of the derive macro `frame_support::DebugNoBound` (in Nightly builds, run with -Z macro-backtrace for more info)

error[E0277]: the trait bound `Runtime: Config` is not satisfied
 --> tests/construct_runtime_ui/deprecated_where_block.rs:20:1
  |
 20 | / construct_runtime! {
 21 | |     pub struct Runtime where
 22 | |         Block = Block,
 23 | |         NodeBlock = Block,
...   |
 28 | | }
    | |_^ unsatisfied trait bound
    |
help: the trait `Config` is not implemented for `Runtime`
   --> tests/construct_runtime_ui/deprecated_where_block.rs:20:1
    |
 20 | / construct_runtime! {
 21 | |     pub struct Runtime where
    | |______________________^
help: the trait `std::fmt::Debug` is implemented for `frame_system::Error<T>`
   --> $WORKSPACE/substrate/frame/system/src/lib.rs
    |
    |     #[pallet::error]
    |               ^^^^^
    = note: required for `frame_system::Error<Runtime>` to implement `std::fmt::Debug`
    = note: 1 redundant requirement hidden
    = note: required for `&frame_system::Error<Runtime>` to implement `std::fmt::Debug`
    = note: required for the cast from `&&frame_system::Error<Runtime>` to `&dyn std::fmt::Debug`
    = note: this error originates in the derive macro `self::sp_api_hidden_includes_construct_runtime::hidden_include::__private::Debug` which comes from the expansion of the macro `construct_runtime` (in Nightly builds, run with -Z macro-backtrace for more info)

error[E0277]: the trait bound `Runtime: Config` is not satisfied
  --> tests/construct_runtime_ui/deprecated_where_block.rs:20:1
   |
20 | / construct_runtime! {
21 | |     pub struct Runtime where
22 | |         Block = Block,
23 | |         NodeBlock = Block,
...  |
28 | | }
   | |_^ unsatisfied trait bound
   |
help: the trait `Config` is not implemented for `Runtime`
  --> tests/construct_runtime_ui/deprecated_where_block.rs:20:1
   |
20 | / construct_runtime! {
21 | |     pub struct Runtime where
   | |______________________^
   = note: this error originates in the derive macro `Clone` which comes from the expansion of the macro `construct_runtime` (in Nightly builds, run with -Z macro-backtrace for more info)

error[E0277]: the trait bound `Runtime: Config` is not satisfied
  --> tests/construct_runtime_ui/deprecated_where_block.rs:21:13
   |
21 |     pub struct Runtime where
   |                ^^^^^^^ unsatisfied trait bound
   |
help: the trait `Config` is not implemented for `Runtime`
  --> tests/construct_runtime_ui/deprecated_where_block.rs:20:1
   |
20 | / construct_runtime! {
21 | |     pub struct Runtime where
   | |______________________^
   = note: this error originates in the macro `frame_support::construct_runtime` which comes from the expansion of the macro `construct_runtime` (in Nightly builds, run with -Z macro-backtrace for more info)

error[E0277]: the trait bound `Runtime: Config` is not satisfied
  --> tests/construct_runtime_ui/deprecated_where_block.rs:20:1
   |
20 | / construct_runtime! {
21 | |     pub struct Runtime where
22 | |         Block = Block,
23 | |         NodeBlock = Block,
...  |
28 | | }
   | |_^ unsatisfied trait bound
   |
help: the trait `Config` is not implemented for `Runtime`
  --> tests/construct_runtime_ui/deprecated_where_block.rs:20:1
   |
20 | / construct_runtime! {
21 | |     pub struct Runtime where
   | |______________________^
   = note: required for `RawOrigin<_>` to implement `Into<RuntimeOrigin>`
   = note: this error originates in the macro `frame_support::construct_runtime` which comes from the expansion of the macro `construct_runtime` (in Nightly builds, run with -Z macro-backtrace for more info)

error[E0277]: the trait bound `Runtime: Config` is not satisfied
  --> tests/construct_runtime_ui/deprecated_where_block.rs:20:1
   |
20 | / construct_runtime! {
21 | |     pub struct Runtime where
22 | |         Block = Block,
23 | |         NodeBlock = Block,
...  |
28 | | }
   | |_^ unsatisfied trait bound
   |
help: the trait `Config` is not implemented for `Runtime`
  --> tests/construct_runtime_ui/deprecated_where_block.rs:20:1
   |
20 | / construct_runtime! {
21 | |     pub struct Runtime where
   | |______________________^
   = note: this error originates in the derive macro `PartialEq` which comes from the expansion of the macro `construct_runtime` (in Nightly builds, run with -Z macro-backtrace for more info)

error[E0277]: the trait bound `Runtime: Config` is not satisfied
  --> tests/construct_runtime_ui/deprecated_where_block.rs:20:1
   |
20 | / construct_runtime! {
21 | |     pub struct Runtime where
22 | |         Block = Block,
23 | |         NodeBlock = Block,
...  |
28 | | }
   | |_^ unsatisfied trait bound
   |
help: the trait `Config` is not implemented for `Runtime`
  --> tests/construct_runtime_ui/deprecated_where_block.rs:20:1
   |
20 | / construct_runtime! {
21 | |     pub struct Runtime where
   | |______________________^
   = note: this error originates in the derive macro `self::sp_api_hidden_includes_construct_runtime::hidden_include::__private::Debug` which comes from the expansion of the macro `construct_runtime` (in Nightly builds, run with -Z macro-backtrace for more info)

error[E0277]: the trait bound `Runtime: Config` is not satisfied
  --> tests/construct_runtime_ui/deprecated_where_block.rs:26:11
   |
26 |         System: frame_system::{Pallet, Call, Storage, Config<T>, Event<T>},
   |                 ^^^^^^^^^^^^ unsatisfied trait bound
   |
help: the trait `Config` is not implemented for `Runtime`
  --> tests/construct_runtime_ui/deprecated_where_block.rs:20:1
   |
20 | / construct_runtime! {
21 | |     pub struct Runtime where
   | |______________________^
   = note: this error originates in the macro `frame_support::construct_runtime` which comes from the expansion of the macro `construct_runtime` (in Nightly builds, run with -Z macro-backtrace for more info)

error[E0277]: the trait bound `Runtime: Config` is not satisfied
 --> tests/construct_runtime_ui/deprecated_where_block.rs:20:1
  |
 20 | / construct_runtime! {
 21 | |     pub struct Runtime where
 22 | |         Block = Block,
 23 | |         NodeBlock = Block,
...   |
 28 | | }
    | |_^ unsatisfied trait bound
    |
help: the trait `Config` is not implemented for `Runtime`
   --> tests/construct_runtime_ui/deprecated_where_block.rs:20:1
    |
 20 | / construct_runtime! {
 21 | |     pub struct Runtime where
    | |______________________^
help: the trait `PalletInfoAccess` is implemented for `Pallet<T>`
   --> $WORKSPACE/substrate/frame/system/src/lib.rs
    |
    |     #[pallet::pallet]
    |               ^^^^^^
    = note: required for `Pallet<Runtime>` to implement `PalletInfoAccess`
    = note: this error originates in the macro `frame_support::construct_runtime` which comes from the expansion of the macro `construct_runtime` (in Nightly builds, run with -Z macro-backtrace for more info)

error[E0277]: the trait bound `Runtime: Config` is not satisfied
 --> tests/construct_runtime_ui/deprecated_where_block.rs:20:1
  |
 20 | / construct_runtime! {
 21 | |     pub struct Runtime where
 22 | |         Block = Block,
 23 | |         NodeBlock = Block,
...   |
 28 | | }
    | |_^ unsatisfied trait bound
    |
help: the trait `Config` is not implemented for `Runtime`
   --> tests/construct_runtime_ui/deprecated_where_block.rs:20:1
    |
 20 | / construct_runtime! {
 21 | |     pub struct Runtime where
    | |______________________^
help: the trait `Callable<T>` is implemented for `Pallet<T>`
   --> $WORKSPACE/substrate/frame/system/src/lib.rs
    |
    |     #[pallet::call(weight = <T as Config>::SystemWeightInfo)]
    |               ^^^^
    = note: required for `Pallet<Runtime>` to implement `Callable<Runtime>`
    = note: this error originates in the derive macro `Clone` which comes from the expansion of the macro `construct_runtime` (in Nightly builds, run with -Z macro-backtrace for more info)

error[E0277]: the trait bound `Runtime: Config` is not satisfied
 --> tests/construct_runtime_ui/deprecated_where_block.rs:20:1
  |
 20 | / construct_runtime! {
 21 | |     pub struct Runtime where
 22 | |         Block = Block,
 23 | |         NodeBlock = Block,
...   |
 28 | | }
    | |_^ unsatisfied trait bound
    |
help: the trait `Config` is not implemented for `Runtime`
   --> tests/construct_runtime_ui/deprecated_where_block.rs:20:1
    |
 20 | / construct_runtime! {
 21 | |     pub struct Runtime where
    | |______________________^
help: the trait `Callable<T>` is implemented for `Pallet<T>`
   --> $WORKSPACE/substrate/frame/system/src/lib.rs
    |
    |     #[pallet::call(weight = <T as Config>::SystemWeightInfo)]
    |               ^^^^
    = note: required for `Pallet<Runtime>` to implement `Callable<Runtime>`
    = note: this error originates in the derive macro `PartialEq` which comes from the expansion of the macro `construct_runtime` (in Nightly builds, run with -Z macro-backtrace for more info)

error[E0369]: binary operation `==` cannot be applied to type `&frame_system::Call<Runtime>`
 --> tests/construct_runtime_ui/deprecated_where_block.rs:20:1
  |
 20 | / construct_runtime! {
 21 | |     pub struct Runtime where
 22 | |         Block = Block,
 23 | |         NodeBlock = Block,
...   |
 28 | | }
    | |_^
    |
note: an implementation of `Config` might be missing for `Runtime`
   --> tests/construct_runtime_ui/deprecated_where_block.rs:20:1
    |
 20 | / construct_runtime! {
 21 | |     pub struct Runtime where
    | |______________________^ must implement `Config`
note: the trait `Config` must be implemented
   --> $WORKSPACE/substrate/frame/system/src/lib.rs
    |
    |     pub trait Config: 'static + Eq + Clone {
    |     ^^^^^^^^^^^^^^^^^^^^^^^^^^^^^^^^^^^^^^
    = note: this error originates in the derive macro `PartialEq` which comes from the expansion of the macro `construct_runtime` (in Nightly builds, run with -Z macro-backtrace for more info)

error[E0277]: the trait bound `frame_system::Call<Runtime>: Encode` is not satisfied
 --> tests/construct_runtime_ui/deprecated_where_block.rs:20:1
  |
 20 | / construct_runtime! {
 21 | |     pub struct Runtime where
 22 | |         Block = Block,
 23 | |         NodeBlock = Block,
...   |
 28 | | }
    | |_^ the trait `Encode` is not implemented for `frame_system::Call<Runtime>`
    |
help: the trait `Encode` is implemented for `frame_system::Call<T>`
   --> $WORKSPACE/substrate/frame/system/src/lib.rs
    |
    | #[frame_support::pallet]
    | ^^^^^^^^^^^^^^^^^^^^^^^^
    = note: this error originates in the derive macro `self::sp_api_hidden_includes_construct_runtime::hidden_include::__private::codec::Encode` which comes from the expansion of the derive macro `frame_support::__private::codec::Encode` (in Nightly builds, run with -Z macro-backtrace for more info)

error[E0277]: the trait bound `Runtime: Config` is not satisfied
 --> tests/construct_runtime_ui/deprecated_where_block.rs:20:1
  |
 20 | / construct_runtime! {
 21 | |     pub struct Runtime where
 22 | |         Block = Block,
 23 | |         NodeBlock = Block,
...   |
 28 | | }
    | |_^ unsatisfied trait bound
    |
help: the trait `Config` is not implemented for `Runtime`
   --> tests/construct_runtime_ui/deprecated_where_block.rs:20:1
    |
 20 | / construct_runtime! {
 21 | |     pub struct Runtime where
    | |______________________^
note: required by a bound in `frame_system::Call`
   --> $WORKSPACE/substrate/frame/system/src/lib.rs
    |
    |     #[pallet::call(weight = <T as Config>::SystemWeightInfo)]
    |               ^^^^ required by this bound in `Call`
    = note: this error originates in the derive macro `self::sp_api_hidden_includes_construct_runtime::hidden_include::__private::codec::Encode` which comes from the expansion of the macro `construct_runtime` (in Nightly builds, run with -Z macro-backtrace for more info)

error[E0277]: the trait bound `frame_system::Call<Runtime>: Decode` is not satisfied
 --> tests/construct_runtime_ui/deprecated_where_block.rs:20:1
  |
 20 | / construct_runtime! {
 21 | |     pub struct Runtime where
 22 | |         Block = Block,
 23 | |         NodeBlock = Block,
...   |
 28 | | }
    | |_^ the trait `Decode` is not implemented for `frame_system::Call<Runtime>`
    |
help: the trait `Decode` is implemented for `frame_system::Call<T>`
   --> $WORKSPACE/substrate/frame/system/src/lib.rs
    |
    | #[frame_support::pallet]
    | ^^^^^^^^^^^^^^^^^^^^^^^^
    = note: this error originates in the macro `frame_support::construct_runtime` which comes from the expansion of the derive macro `frame_support::__private::codec::Decode` (in Nightly builds, run with -Z macro-backtrace for more info)

error[E0277]: the trait bound `Runtime: Config` is not satisfied
 --> tests/construct_runtime_ui/deprecated_where_block.rs:20:1
  |
 20 | / construct_runtime! {
 21 | |     pub struct Runtime where
 22 | |         Block = Block,
 23 | |         NodeBlock = Block,
...   |
 28 | | }
    | |_^ unsatisfied trait bound
    |
help: the trait `Config` is not implemented for `Runtime`
   --> tests/construct_runtime_ui/deprecated_where_block.rs:20:1
    |
 20 | / construct_runtime! {
 21 | |     pub struct Runtime where
    | |______________________^
help: the trait `Callable<T>` is implemented for `Pallet<T>`
   --> $WORKSPACE/substrate/frame/system/src/lib.rs
    |
    |     #[pallet::call(weight = <T as Config>::SystemWeightInfo)]
    |               ^^^^
    = note: required for `Pallet<Runtime>` to implement `Callable<Runtime>`
    = note: this error originates in the derive macro `self::sp_api_hidden_includes_construct_runtime::hidden_include::__private::Debug` which comes from the expansion of the macro `construct_runtime` (in Nightly builds, run with -Z macro-backtrace for more info)

error[E0599]: the method `get_dispatch_info` exists for reference `&frame_system::Call<Runtime>`, but its trait bounds were not satisfied
 --> tests/construct_runtime_ui/deprecated_where_block.rs:20:1
  |
 20 |    construct_runtime! {
    |  __^
    | | _|
    | ||
 21 | ||     pub struct Runtime where
    | ||______________________- doesn't satisfy `Runtime: Config`
 22 | |          Block = Block,
 23 | |          NodeBlock = Block,
...   |
 28 | |  }
    | |__^ method cannot be called on `&frame_system::Call<Runtime>` due to unsatisfied trait bounds
    |
   ::: $WORKSPACE/substrate/frame/system/src/lib.rs
    |
    |        #[pallet::call(weight = <T as Config>::SystemWeightInfo)]
    |                  ---- doesn't satisfy `frame_system::Call<Runtime>: GetDispatchInfo`
    |
    = note: the following trait bounds were not satisfied:
            `Runtime: Config`
            which is required by `frame_system::Call<Runtime>: GetDispatchInfo`
note: the trait `Config` must be implemented
   --> $WORKSPACE/substrate/frame/system/src/lib.rs
    |
    |     pub trait Config: 'static + Eq + Clone {
    |     ^^^^^^^^^^^^^^^^^^^^^^^^^^^^^^^^^^^^^^
    = note: this error originates in the macro `frame_support::construct_runtime` (in Nightly builds, run with -Z macro-backtrace for more info)

error[E0599]: the method `is_feeless` exists for reference `&frame_system::Call<Runtime>`, but its trait bounds were not satisfied
 --> tests/construct_runtime_ui/deprecated_where_block.rs:20:1
  |
 20 |    construct_runtime! {
    |  __^
    | | _|
    | ||
 21 | ||     pub struct Runtime where
    | ||______________________- doesn't satisfy `Runtime: Config`
 22 | |          Block = Block,
 23 | |          NodeBlock = Block,
...   |
 28 | |  }
    | |__^ method cannot be called on `&frame_system::Call<Runtime>` due to unsatisfied trait bounds
    |
   ::: $WORKSPACE/substrate/frame/system/src/lib.rs
    |
    |        #[pallet::call(weight = <T as Config>::SystemWeightInfo)]
    |                  ---- doesn't satisfy `frame_system::Call<Runtime>: CheckIfFeeless`
    |
    = note: the following trait bounds were not satisfied:
            `Runtime: Config`
            which is required by `frame_system::Call<Runtime>: CheckIfFeeless`
note: the trait `Config` must be implemented
   --> $WORKSPACE/substrate/frame/system/src/lib.rs
    |
    |     pub trait Config: 'static + Eq + Clone {
    |     ^^^^^^^^^^^^^^^^^^^^^^^^^^^^^^^^^^^^^^
    = note: this error originates in the macro `frame_support::construct_runtime` (in Nightly builds, run with -Z macro-backtrace for more info)

error[E0599]: the method `get_call_name` exists for reference `&frame_system::Call<Runtime>`, but its trait bounds were not satisfied
 --> tests/construct_runtime_ui/deprecated_where_block.rs:20:1
  |
 20 |    construct_runtime! {
    |  __^
    | | _|
    | ||
 21 | ||     pub struct Runtime where
    | ||______________________- doesn't satisfy `Runtime: Config`
 22 | |          Block = Block,
 23 | |          NodeBlock = Block,
...   |
 28 | |  }
    | |__^ method cannot be called on `&frame_system::Call<Runtime>` due to unsatisfied trait bounds
    |
   ::: $WORKSPACE/substrate/frame/system/src/lib.rs
    |
    |        #[pallet::call(weight = <T as Config>::SystemWeightInfo)]
    |                  ---- doesn't satisfy `frame_system::Call<Runtime>: GetCallName`
    |
    = note: the following trait bounds were not satisfied:
            `Runtime: Config`
            which is required by `frame_system::Call<Runtime>: GetCallName`
note: the trait `Config` must be implemented
   --> $WORKSPACE/substrate/frame/system/src/lib.rs
    |
    |     pub trait Config: 'static + Eq + Clone {
    |     ^^^^^^^^^^^^^^^^^^^^^^^^^^^^^^^^^^^^^^
    = note: this error originates in the macro `frame_support::construct_runtime` (in Nightly builds, run with -Z macro-backtrace for more info)

error[E0277]: the trait bound `Runtime: Config` is not satisfied
 --> tests/construct_runtime_ui/deprecated_where_block.rs:26:3
  |
 26 |         System: frame_system::{Pallet, Call, Storage, Config<T>, Event<T>},
    |         ^^^^^^ unsatisfied trait bound
    |
help: the trait `Config` is not implemented for `Runtime`
   --> tests/construct_runtime_ui/deprecated_where_block.rs:20:1
    |
 20 | / construct_runtime! {
 21 | |     pub struct Runtime where
    | |______________________^
help: the trait `ViewFunctionIdPrefix` is implemented for `Pallet<T>`
   --> $WORKSPACE/substrate/frame/system/src/lib.rs
    |
    | #[frame_support::pallet]
    | ^^^^^^^^^^^^^^^^^^^^^^^^
    = note: required for `Pallet<Runtime>` to implement `ViewFunctionIdPrefix`
    = note: this error originates in the macro `frame_support::construct_runtime` which comes from the expansion of the attribute macro `frame_support::pallet` (in Nightly builds, run with -Z macro-backtrace for more info)

error[E0599]: the function or associated item `storage_metadata` exists for struct `Pallet<Runtime>`, but its trait bounds were not satisfied
 --> tests/construct_runtime_ui/deprecated_where_block.rs:20:1
  |
 20 |    construct_runtime! {
    |  __^
    | | _|
    | ||
 21 | ||     pub struct Runtime where
    | ||______________________- doesn't satisfy `Runtime: Config`
 22 | |          Block = Block,
 23 | |          NodeBlock = Block,
...   |
 28 | |  }
    | |__^ function or associated item cannot be called on `Pallet<Runtime>` due to unsatisfied trait bounds
    |
    = note: the following trait bounds were not satisfied:
            `Runtime: Config`
note: the trait `Config` must be implemented
   --> $WORKSPACE/substrate/frame/system/src/lib.rs
    |
    |     pub trait Config: 'static + Eq + Clone {
    |     ^^^^^^^^^^^^^^^^^^^^^^^^^^^^^^^^^^^^^^
    = note: this error originates in the macro `frame_support::construct_runtime` (in Nightly builds, run with -Z macro-backtrace for more info)

error[E0599]: the function or associated item `call_functions` exists for struct `Pallet<Runtime>`, but its trait bounds were not satisfied
 --> tests/construct_runtime_ui/deprecated_where_block.rs:20:1
  |
 20 |    construct_runtime! {
    |  __^
    | | _|
    | ||
 21 | ||     pub struct Runtime where
    | ||______________________- doesn't satisfy `Runtime: Config`
 22 | |          Block = Block,
 23 | |          NodeBlock = Block,
...   |
 28 | |  }
    | |__^ function or associated item cannot be called on `Pallet<Runtime>` due to unsatisfied trait bounds
    |
    = note: the following trait bounds were not satisfied:
            `Runtime: Config`
note: the trait `Config` must be implemented
   --> $WORKSPACE/substrate/frame/system/src/lib.rs
    |
    |     pub trait Config: 'static + Eq + Clone {
    |     ^^^^^^^^^^^^^^^^^^^^^^^^^^^^^^^^^^^^^^
    = note: this error originates in the macro `frame_support::construct_runtime` (in Nightly builds, run with -Z macro-backtrace for more info)

error[E0599]: the function or associated item `pallet_view_functions_metadata` exists for struct `Pallet<Runtime>`, but its trait bounds were not satisfied
 --> tests/construct_runtime_ui/deprecated_where_block.rs:20:1
  |
 20 |    construct_runtime! {
    |  __^
    | | _|
    | ||
 21 | ||     pub struct Runtime where
    | ||______________________- doesn't satisfy `Runtime: Config`
 22 | |          Block = Block,
 23 | |          NodeBlock = Block,
...   |
 28 | |  }
    | |__^ function or associated item cannot be called on `Pallet<Runtime>` due to unsatisfied trait bounds
    |
    = note: the following trait bounds were not satisfied:
            `Runtime: Config`
note: the trait `Config` must be implemented
   --> $WORKSPACE/substrate/frame/system/src/lib.rs
    |
    |     pub trait Config: 'static + Eq + Clone {
    |     ^^^^^^^^^^^^^^^^^^^^^^^^^^^^^^^^^^^^^^
    = note: this error originates in the macro `frame_support::construct_runtime` (in Nightly builds, run with -Z macro-backtrace for more info)

error[E0599]: the variant or associated item `event_metadata` exists for enum `frame_system::Event<Runtime>`, but its trait bounds were not satisfied
 --> tests/construct_runtime_ui/deprecated_where_block.rs:20:1
  |
 20 |    construct_runtime! {
    |  __^
    | | _|
    | ||
 21 | ||     pub struct Runtime where
    | ||______________________- doesn't satisfy `Runtime: Config`
 22 | |          Block = Block,
 23 | |          NodeBlock = Block,
...   |
 28 | |  }
    | |__^ variant or associated item cannot be called on `frame_system::Event<Runtime>` due to unsatisfied trait bounds
    |
    = note: the following trait bounds were not satisfied:
            `Runtime: Config`
note: the trait `Config` must be implemented
   --> $WORKSPACE/substrate/frame/system/src/lib.rs
    |
    |     pub trait Config: 'static + Eq + Clone {
    |     ^^^^^^^^^^^^^^^^^^^^^^^^^^^^^^^^^^^^^^
    = note: this error originates in the macro `frame_support::construct_runtime` (in Nightly builds, run with -Z macro-backtrace for more info)

error[E0599]: the function or associated item `pallet_constants_metadata` exists for struct `Pallet<Runtime>`, but its trait bounds were not satisfied
 --> tests/construct_runtime_ui/deprecated_where_block.rs:20:1
  |
 20 |    construct_runtime! {
    |  __^
    | | _|
    | ||
 21 | ||     pub struct Runtime where
    | ||______________________- doesn't satisfy `Runtime: Config`
 22 | |          Block = Block,
 23 | |          NodeBlock = Block,
...   |
 28 | |  }
    | |__^ function or associated item cannot be called on `Pallet<Runtime>` due to unsatisfied trait bounds
    |
    = note: the following trait bounds were not satisfied:
            `Runtime: Config`
note: the trait `Config` must be implemented
   --> $WORKSPACE/substrate/frame/system/src/lib.rs
    |
    |     pub trait Config: 'static + Eq + Clone {
    |     ^^^^^^^^^^^^^^^^^^^^^^^^^^^^^^^^^^^^^^
    = note: this error originates in the macro `frame_support::construct_runtime` (in Nightly builds, run with -Z macro-backtrace for more info)

error[E0599]: the function or associated item `error_metadata` exists for struct `Pallet<Runtime>`, but its trait bounds were not satisfied
 --> tests/construct_runtime_ui/deprecated_where_block.rs:20:1
  |
 20 |    construct_runtime! {
    |  __^
    | | _|
    | ||
 21 | ||     pub struct Runtime where
    | ||______________________- doesn't satisfy `Runtime: Config`
 22 | |          Block = Block,
 23 | |          NodeBlock = Block,
...   |
 28 | |  }
    | |__^ function or associated item cannot be called on `Pallet<Runtime>` due to unsatisfied trait bounds
    |
    = note: the following trait bounds were not satisfied:
            `Runtime: Config`
note: the trait `Config` must be implemented
   --> $WORKSPACE/substrate/frame/system/src/lib.rs
    |
    |     pub trait Config: 'static + Eq + Clone {
    |     ^^^^^^^^^^^^^^^^^^^^^^^^^^^^^^^^^^^^^^
    = note: this error originates in the macro `frame_support::construct_runtime` (in Nightly builds, run with -Z macro-backtrace for more info)

error[E0599]: the function or associated item `pallet_documentation_metadata` exists for struct `Pallet<Runtime>`, but its trait bounds were not satisfied
 --> tests/construct_runtime_ui/deprecated_where_block.rs:20:1
  |
 20 |    construct_runtime! {
    |  __^
    | | _|
    | ||
 21 | ||     pub struct Runtime where
    | ||______________________- doesn't satisfy `Runtime: Config`
 22 | |          Block = Block,
 23 | |          NodeBlock = Block,
...   |
 28 | |  }
    | |__^ function or associated item cannot be called on `Pallet<Runtime>` due to unsatisfied trait bounds
    |
    = note: the following trait bounds were not satisfied:
            `Runtime: Config`
note: the trait `Config` must be implemented
   --> $WORKSPACE/substrate/frame/system/src/lib.rs
    |
    |     pub trait Config: 'static + Eq + Clone {
    |     ^^^^^^^^^^^^^^^^^^^^^^^^^^^^^^^^^^^^^^
    = note: this error originates in the macro `frame_support::construct_runtime` (in Nightly builds, run with -Z macro-backtrace for more info)

error[E0599]: the function or associated item `pallet_associated_types_metadata` exists for struct `Pallet<Runtime>`, but its trait bounds were not satisfied
 --> tests/construct_runtime_ui/deprecated_where_block.rs:20:1
  |
 20 |    construct_runtime! {
    |  __^
    | | _|
    | ||
 21 | ||     pub struct Runtime where
    | ||______________________- doesn't satisfy `Runtime: Config`
 22 | |          Block = Block,
 23 | |          NodeBlock = Block,
...   |
 28 | |  }
    | |__^ function or associated item cannot be called on `Pallet<Runtime>` due to unsatisfied trait bounds
    |
    = note: the following trait bounds were not satisfied:
            `Runtime: Config`
note: the trait `Config` must be implemented
   --> $WORKSPACE/substrate/frame/system/src/lib.rs
    |
    |     pub trait Config: 'static + Eq + Clone {
    |     ^^^^^^^^^^^^^^^^^^^^^^^^^^^^^^^^^^^^^^
    = note: this error originates in the macro `frame_support::construct_runtime` (in Nightly builds, run with -Z macro-backtrace for more info)

error[E0277]: the trait bound `Runtime: Config` is not satisfied
 --> tests/construct_runtime_ui/deprecated_where_block.rs:20:1
  |
  20 | / construct_runtime! {
  21 | |     pub struct Runtime where
  22 | |         Block = Block,
  23 | |         NodeBlock = Block,
...    |
  28 | | }
     | |_^ unsatisfied trait bound
     |
help: the trait `Config` is not implemented for `Runtime`
    --> tests/construct_runtime_ui/deprecated_where_block.rs:20:1
     |
  20 | / construct_runtime! {
  21 | |     pub struct Runtime where
     | |______________________^
help: the trait `Serialize` is implemented for `GenesisConfig<T>`
    --> $WORKSPACE/substrate/frame/system/src/lib.rs
     |
 299 | #[frame_support::pallet]
     | ^^^^^^^^^^^^^^^^^^^^^^^^
     = note: required for `GenesisConfig<Runtime>` to implement `Serialize`
note: required by a bound in `frame_support::sp_runtime::serde::ser::SerializeStruct::serialize_field`
    --> $CARGO/serde_core-1.0.228/src/ser/mod.rs
     |
     |     fn serialize_field<T>(&mut self, key: &'static str, value: &T) -> Result<(), Self::Error>
     |        --------------- required by a bound in this associated function
     |     where
     |         T: ?Sized + Serialize;
     |                     ^^^^^^^^^ required by this bound in `SerializeStruct::serialize_field`
     = note: this error originates in the macro `frame_support::construct_runtime` which comes from the expansion of the derive macro `frame_support::Serialize` (in Nightly builds, run with -Z macro-backtrace for more info)

error[E0277]: the trait bound `Runtime: Config` is not satisfied
 --> tests/construct_runtime_ui/deprecated_where_block.rs:20:1
  |
  20 | / construct_runtime! {
  21 | |     pub struct Runtime where
  22 | |         Block = Block,
  23 | |         NodeBlock = Block,
...    |
  28 | | }
     | |_^ unsatisfied trait bound
     |
help: the trait `Config` is not implemented for `Runtime`
    --> tests/construct_runtime_ui/deprecated_where_block.rs:20:1
     |
  20 | / construct_runtime! {
  21 | |     pub struct Runtime where
     | |______________________^
note: required by a bound in `GenesisConfig`
    --> $WORKSPACE/substrate/frame/system/src/lib.rs
     |
     |     pub struct GenesisConfig<T: Config> {
     |                                 ^^^^^^ required by this bound in `GenesisConfig`
     = note: this error originates in the macro `frame_support::construct_runtime` which comes from the expansion of the macro `construct_runtime` (in Nightly builds, run with -Z macro-backtrace for more info)

error[E0277]: the trait bound `Runtime: Config` is not satisfied
 --> tests/construct_runtime_ui/deprecated_where_block.rs:20:1
  |
  20 | / construct_runtime! {
  21 | |     pub struct Runtime where
  22 | |         Block = Block,
  23 | |         NodeBlock = Block,
...    |
  28 | | }
     | |_^ unsatisfied trait bound
     |
help: the trait `Config` is not implemented for `Runtime`
    --> tests/construct_runtime_ui/deprecated_where_block.rs:20:1
     |
  20 | / construct_runtime! {
  21 | |     pub struct Runtime where
     | |______________________^
note: required by a bound in `GenesisConfig`
    --> $WORKSPACE/substrate/frame/system/src/lib.rs
     |
     |     pub struct GenesisConfig<T: Config> {
     |                                 ^^^^^^ required by this bound in `GenesisConfig`
     = note: this error originates in the derive macro `self::sp_api_hidden_includes_construct_runtime::hidden_include::__private::serde::Deserialize` which comes from the expansion of the macro `construct_runtime` (in Nightly builds, run with -Z macro-backtrace for more info)

error[E0277]: the trait bound `Runtime: Config` is not satisfied
 --> tests/construct_runtime_ui/deprecated_where_block.rs:20:1
  |
  20 | / construct_runtime! {
  21 | |     pub struct Runtime where
  22 | |         Block = Block,
  23 | |         NodeBlock = Block,
...    |
  28 | | }
     | |_^ unsatisfied trait bound
     |
help: the trait `Config` is not implemented for `Runtime`
    --> tests/construct_runtime_ui/deprecated_where_block.rs:20:1
     |
  20 | / construct_runtime! {
  21 | |     pub struct Runtime where
     | |______________________^
note: required by a bound in `GenesisConfig`
    --> $WORKSPACE/substrate/frame/system/src/lib.rs
     |
     |     pub struct GenesisConfig<T: Config> {
     |                                 ^^^^^^ required by this bound in `GenesisConfig`
     = note: this error originates in the derive macro `Default` which comes from the expansion of the macro `construct_runtime` (in Nightly builds, run with -Z macro-backtrace for more info)

error[E0277]: the trait bound `Runtime: Config` is not satisfied
  --> tests/construct_runtime_ui/deprecated_where_block.rs:20:1
   |
20 | / construct_runtime! {
21 | |     pub struct Runtime where
22 | |         Block = Block,
23 | |         NodeBlock = Block,
...  |
28 | | }
   | |_^ unsatisfied trait bound
   |
help: the trait `Config` is not implemented for `Runtime`
  --> tests/construct_runtime_ui/deprecated_where_block.rs:20:1
   |
20 | / construct_runtime! {
21 | |     pub struct Runtime where
   | |______________________^
   = help: the following other types implement trait `OnGenesis`:
             ()
             (TupleElement0, TupleElement1)
             (TupleElement0, TupleElement1, TupleElement2)
             (TupleElement0, TupleElement1, TupleElement2, TupleElement3)
             (TupleElement0, TupleElement1, TupleElement2, TupleElement3, TupleElement4)
             (TupleElement0, TupleElement1, TupleElement2, TupleElement3, TupleElement4, TupleElement5)
             (TupleElement0, TupleElement1, TupleElement2, ..., ..., ..., ...)
             (TupleElement0, TupleElement1, TupleElement2, ..., ..., ..., ..., ...)
           and $N others
   = note: required for `Pallet<Runtime>` to implement `OnGenesis`
   = note: 1 redundant requirement hidden
   = note: required for `(Pallet<Runtime>,)` to implement `OnGenesis`
   = note: consider using `--verbose` to print the full type name to the console
   = note: this error originates in the macro `frame_support::construct_runtime` which comes from the expansion of the macro `construct_runtime` (in Nightly builds, run with -Z macro-backtrace for more info)

error[E0282]: type annotations needed
  --> tests/construct_runtime_ui/deprecated_where_block.rs:20:1
   |
20 | / construct_runtime! {
21 | |     pub struct Runtime where
22 | |         Block = Block,
23 | |         NodeBlock = Block,
...  |
28 | | }
   | |_^ cannot infer type
   |
   = note: this error originates in the macro `frame_support::construct_runtime` (in Nightly builds, run with -Z macro-backtrace for more info)
